<?xml version="1.0" encoding="UTF-8"?>
<!-- Generated by org.testng.reporters.JUnitXMLReporter -->
<testsuite ignored="0" hostname="DESKTOP-4K2IFQ7" failures="0" tests="3" name="Go Rest API Create User Test" time="2.021" errors="0" timestamp="2024-02-29T18:44:59 IST">
  <testcase classname="base.BaseTest" name="@BeforeTest setup" time="0.902">
    <failure type="frameworkexception.FrameworkException" message="please pass the correct envname:: qa">
      <![CDATA[frameworkexception.FrameworkException: please pass the correct envname:: qa
at configuration.ConfigurationManager.initProp(ConfigurationManager.java:44)
at base.BaseTest.setup(BaseTest.java:32)
at java.base/java.util.concurrent.FutureTask.run(FutureTask.java:264)
at java.base/java.util.concurrent.ThreadPoolExecutor.runWorker(ThreadPoolExecutor.java:1136)
at java.base/java.util.concurrent.ThreadPoolExecutor$Worker.run(ThreadPoolExecutor.java:635)
at java.base/java.lang.Thread.run(Thread.java:833)
... Removed 15 stack frames]]>
    </failure>
  </testcase> <!-- @BeforeTest setup -->
  <testcase classname="tests.CreateUserTest" name="@BeforeMethod createObject" time="-1.709212499757E9">
    <skipped/>
  </testcase> <!-- @BeforeMethod createObject -->
  <testcase classname="tests.CreateUserTest" name="@BeforeMethod createObject" time="-1.709212499803E9">
    <skipped/>
  </testcase> <!-- @BeforeMethod createObject -->
  <testcase classname="tests.CreateUserTest" name="@BeforeMethod createObject" time="-1.709212499816E9">
    <skipped/>
  </testcase> <!-- @BeforeMethod createObject -->
  <testcase classname="tests.CreateUserTest" name="createUser" time="0.0">
    <skipped/>
  </testcase> <!-- createUser -->
  <testcase classname="tests.CreateUserTest" name="createUser" time="0.0">
    <skipped/>
  </testcase> <!-- createUser -->
  <testcase classname="tests.CreateUserTest" name="createUser" time="0.0">
    <skipped/>
  </testcase> <!-- createUser -->
</testsuite> <!-- Go Rest API Create User Test -->
