<?xml version="1.0" encoding="UTF-8"?>
<!-- Generated by org.testng.reporters.JUnitXMLReporter -->
<testsuite ignored="1" hostname="DESKTOP-4K2IFQ7" failures="0" tests="2" name="Go Rest API Test" time="1.29" errors="0" timestamp="2024-02-29T19:09:43 IST">
  <testcase classname="base.BaseTest" name="@BeforeTest setup" time="0.814">
    <failure type="frameworkexception.FrameworkException" message="please pass the correct envname:: null">
      <![CDATA[frameworkexception.FrameworkException: please pass the correct envname:: null
at configuration.ConfigurationManager.initProp(ConfigurationManager.java:44)
at base.BaseTest.setup(BaseTest.java:32)
at java.base/jdk.internal.reflect.NativeMethodAccessorImpl.invoke0(Native Method)
at java.base/jdk.internal.reflect.NativeMethodAccessorImpl.invoke(NativeMethodAccessorImpl.java:64)
at java.base/jdk.internal.reflect.DelegatingMethodAccessorImpl.invoke(DelegatingMethodAccessorImpl.java:43)
at java.base/java.lang.reflect.Method.invoke(Method.java:564)
at org.testng.internal.MethodInvocationHelper.invokeMethod(MethodInvocationHelper.java:133)
at org.testng.internal.MethodInvocationHelper.invokeMethodConsideringTimeout(MethodInvocationHelper.java:62)
at org.testng.internal.ConfigInvoker.invokeConfigurationMethod(ConfigInvoker.java:340)
at org.testng.internal.ConfigInvoker.invokeConfigurations(ConfigInvoker.java:294)
at org.testng.TestRunner.invokeTestConfigurations(TestRunner.java:623)
at org.testng.TestRunner.beforeRun(TestRunner.java:613)
at org.testng.TestRunner.run(TestRunner.java:584)
at org.testng.SuiteRunner.runTest(SuiteRunner.java:402)
at org.testng.SuiteRunner.access$000(SuiteRunner.java:41)
at org.testng.SuiteRunner$SuiteWorker.run(SuiteRunner.java:443)
at org.testng.internal.thread.ThreadUtil.lambda$execute$0(ThreadUtil.java:67)
at java.base/java.util.concurrent.FutureTask.run(FutureTask.java:264)
at java.base/java.util.concurrent.ThreadPoolExecutor.runWorker(ThreadPoolExecutor.java:1130)
at java.base/java.util.concurrent.ThreadPoolExecutor$Worker.run(ThreadPoolExecutor.java:630)
at java.base/java.lang.Thread.run(Thread.java:832)
]]>
    </failure>
  </testcase> <!-- @BeforeTest setup -->
  <testcase classname="tests.GetUserTest" name="@BeforeMethod create" time="-1.709213983155E9">
    <skipped/>
  </testcase> <!-- @BeforeMethod create -->
  <testcase classname="tests.GetUserTest" name="@BeforeMethod create" time="-1.709213983222E9">
    <skipped/>
  </testcase> <!-- @BeforeMethod create -->
  <testcase classname="tests.GetUserTest" name="getSPecificUser_WithQueryParam" time="0.0">
    <skipped/>
  </testcase> <!-- getSPecificUser_WithQueryParam -->
  <testcase classname="tests.GetUserTest" name="getSpecificUser" time="0.0">
    <skipped/>
  </testcase> <!-- getSpecificUser -->
  <testcase classname="tests.GetUserTest" name="getAllUsers" time="0.0">
    <ignored/>
  </testcase> <!-- getAllUsers -->
</testsuite> <!-- Go Rest API Test -->
